college students
in the USA are
eligible for
selection as
finalists to
attend the USACO
training camp and
to contend for
membership on the
USA IOI team There
is never any fee for
participation
Contest Format
Each contest has
typically
problems to which
you will submit
solution programs
in C C Pascal Java or
Python Problems
are algorithmic in
nature so clever
algorithms and or
data structures
might be necessary
to solve all test
cases correctly
and within the time
limits Your score
for each problem
depends on the
number of input
cases your program
can solve within
the time
